Spark Command: java -cp ::/Users/mader/Dropbox/tipl_maven/conf:/Users/mader/Dropbox/tipl_maven/assembly/target//tipl-assembly-1.0-SNAPSHOT.jar -XX:MaxPermSize=128m -Dspark.akka.logLifecycleEvents=true -Xms512m -Xmx512m org.apache.spark.deploy.worker.Worker spark://ua-eduroam-ten-25-155-140.uniaccess.unimelb.edu.au:7077 -c 1 -m 2G
========================================

Java HotSpot(TM) 64-Bit Server VM warning: ignoring option MaxPermSize=128m; support was removed in 8.0
Using Spark's default log4j profile: org/apache/spark/log4j-defaults.properties
14/10/26 08:45:44 INFO Worker: Registered signal handlers for [TERM, HUP, INT]
14/10/26 08:45:44 INFO SecurityManager: Changing view acls to: mader,
14/10/26 08:45:44 INFO SecurityManager: Changing modify acls to: mader,
14/10/26 08:45:44 INFO SecurityManager: SecurityManager: authentication disabled; ui acls disabled; users with view permissions: Set(mader, ); users with modify permissions: Set(mader, )
14/10/26 08:45:45 INFO Slf4jLogger: Slf4jLogger started
14/10/26 08:45:45 INFO Remoting: Starting remoting
14/10/26 08:45:45 INFO Remoting: Remoting started; listening on addresses :[akka.tcp://sparkWorker@ua-eduroam-ten-25-155-140.uniaccess.unimelb.edu.au:62834]
14/10/26 08:45:45 INFO Utils: Successfully started service 'sparkWorker' on port 62834.
14/10/26 08:45:45 INFO Worker: Starting Spark worker ua-eduroam-ten-25-155-140.uniaccess.unimelb.edu.au:62834 with 1 cores, 2.0 GB RAM
14/10/26 08:45:45 INFO Worker: Spark home: /Users/mader/Dropbox/tipl_maven/assembly/src/resources/tipl_folder
14/10/26 08:45:45 WARN Utils: Service 'WorkerUI' could not bind on port 8081. Attempting port 8082.
14/10/26 08:45:45 WARN Utils: Service 'WorkerUI' could not bind on port 8082. Attempting port 8083.
14/10/26 08:45:45 INFO Utils: Successfully started service 'WorkerUI' on port 8083.
14/10/26 08:45:45 INFO WorkerWebUI: Started WorkerWebUI at http://ua-eduroam-ten-25-155-140.uniaccess.unimelb.edu.au:8083
14/10/26 08:45:45 INFO Worker: Connecting to master spark://ua-eduroam-ten-25-155-140.uniaccess.unimelb.edu.au:7077...
14/10/26 08:45:46 INFO Worker: Successfully registered with master spark://ua-eduroam-ten-25-155-140.uniaccess.unimelb.edu.au:7077
14/10/26 10:29:50 INFO Worker: Disassociated [akka.tcp://sparkWorker@ua-eduroam-ten-25-155-140.uniaccess.unimelb.edu.au:62834] -> [akka.tcp://sparkMaster@ua-eduroam-ten-25-155-140.uniaccess.unimelb.edu.au:7077] Disassociated !
14/10/26 10:29:50 ERROR Worker: Connection to master failed! Waiting for master to reconnect...
14/10/26 10:29:50 INFO LocalActorRef: Message [akka.remote.transport.ActorTransportAdapter$DisassociateUnderlying] from Actor[akka://sparkWorker/deadLetters] to Actor[akka://sparkWorker/system/transports/akkaprotocolmanager.tcp0/akkaProtocol-tcp%3A%2F%2FsparkMaster%40ua-eduroam-ten-25-155-140.uniaccess.unimelb.edu.au%3A7077-1#1027061567] was not delivered. [1] dead letters encountered. This logging can be turned off or adjusted with configuration settings 'akka.log-dead-letters' and 'akka.log-dead-letters-during-shutdown'.
14/10/26 10:29:50 INFO Worker: Disassociated [akka.tcp://sparkWorker@ua-eduroam-ten-25-155-140.uniaccess.unimelb.edu.au:62834] -> [akka.tcp://sparkMaster@ua-eduroam-ten-25-155-140.uniaccess.unimelb.edu.au:7077] Disassociated !
14/10/26 10:29:50 ERROR Worker: Connection to master failed! Waiting for master to reconnect...
